N: 2048
Factored level 0 of 4 (0.3347957134246826)
Factored level 1 of 4 (1.1878809928894043)
Factored level 2 of 4 (2.660975933074951)
Factored level 3 of 4 (5.1272056102752686)
Factored level 4 of 4 (14.568006753921509)
Factored level 0 of 4 (0.3262040615081787)
Factored level 1 of 4 (1.4456486701965332)
Factored level 2 of 4 (2.6108219623565674)
Factored level 3 of 4 (5.2262184619903564)
Factored level 4 of 4 (15.604870557785034)
Factored level 0 of 4 (0.3439919948577881)
Factored level 1 of 4 (1.3753223419189453)
Factored level 2 of 4 (2.5907797813415527)
Factored level 3 of 4 (5.719482183456421)
Factored level 4 of 4 (15.758655071258545)
Factored level 0 of 4 (0.31818461418151855)
Factored level 1 of 4 (1.167224407196045)
Factored level 2 of 4 (2.5211896896362305)
Factored level 3 of 4 (5.565021753311157)
Factored level 4 of 4 (16.938395738601685)
Factored level 0 of 4 (0.36852025985717773)
Factored level 1 of 4 (1.1115829944610596)
Factored level 2 of 4 (2.7090210914611816)
Factored level 3 of 4 (5.964719295501709)
Factored level 4 of 4 (17.011455059051514)
Factored level 0 of 4 (0.36667895317077637)
Factored level 1 of 4 (1.2123005390167236)
Factored level 2 of 4 (2.566417694091797)
Factored level 3 of 4 (5.5587029457092285)
Factored level 4 of 4 (16.782641649246216)
Factored level 0 of 4 (0.3897523880004883)
Factored level 1 of 4 (1.1540007591247559)
Factored level 2 of 4 (2.842512845993042)
Factored level 3 of 4 (5.459139347076416)
Factored level 4 of 4 (16.7282817363739)
Factored level 0 of 4 (0.3804335594177246)
Factored level 1 of 4 (1.110229730606079)
Factored level 2 of 4 (2.818929672241211)
Factored level 3 of 4 (5.835580110549927)
Factored level 4 of 4 (17.008504152297974)
Factored level 0 of 4 (0.3410961627960205)
Factored level 1 of 4 (1.213172197341919)
Factored level 2 of 4 (2.8217198848724365)
Factored level 3 of 4 (5.636315584182739)
Factored level 4 of 4 (16.98912000656128)
Factored level 0 of 4 (0.34892845153808594)
Factored level 1 of 4 (1.1461775302886963)
Factored level 2 of 4 (2.784869909286499)
Factored level 3 of 4 (5.743535041809082)
Factored level 4 of 4 (17.004001140594482)
Factored level 0 of 4 (0.3643064498901367)
Factored level 1 of 4 (1.202460765838623)
Factored level 2 of 4 (3.2626454830169678)
Factored level 3 of 4 (5.231217861175537)
Factored level 4 of 4 (15.825282335281372)
Factored level 0 of 4 (0.4361863136291504)
Factored level 1 of 4 (1.3011562824249268)
Factored level 2 of 4 (2.479933738708496)
Factored level 3 of 4 (6.0061516761779785)
Factored level 4 of 4 (16.37199306488037)
Factored level 0 of 4 (0.33948254585266113)
Factored level 1 of 4 (1.3700191974639893)
Factored level 2 of 4 (2.337644338607788)
Factored level 3 of 4 (6.177304744720459)
Factored level 4 of 4 (16.588415145874023)
Factored level 0 of 4 (0.3294219970703125)
Factored level 1 of 4 (1.022688388824463)
Factored level 2 of 4 (2.6792221069335938)
Factored level 3 of 4 (5.872387170791626)
Factored level 4 of 4 (16.257338285446167)
Factored level 0 of 4 (0.35076284408569336)
Factored level 1 of 4 (1.1590089797973633)
Factored level 2 of 4 (2.5537595748901367)
Factored level 3 of 4 (5.831960916519165)
Factored level 4 of 4 (16.238577842712402)
Factored level 0 of 4 (0.3333866596221924)
Factored level 1 of 4 (1.1697635650634766)
Factored level 2 of 4 (2.675626039505005)
Factored level 3 of 4 (5.698248863220215)
Factored level 4 of 4 (16.443208694458008)
Time to factor: 330.4320070743561
Total memory: 667598563
Max rows at leaf level: 14
