N: 512
Factored level 0 of 3 (0.09201478958129883)
Factored level 1 of 3 (0.5212361812591553)
Factored level 2 of 3 (0.6978213787078857)
Factored level 3 of 3 (1.5963952541351318)
Factored level 0 of 3 (0.07368898391723633)
Factored level 1 of 3 (0.5536789894104004)
Factored level 2 of 3 (0.8165924549102783)
Factored level 3 of 3 (1.6232316493988037)
Factored level 0 of 3 (0.07898974418640137)
Factored level 1 of 3 (0.5536327362060547)
Factored level 2 of 3 (0.7419743537902832)
Factored level 3 of 3 (1.539052963256836)
Factored level 0 of 3 (0.07518362998962402)
Factored level 1 of 3 (0.28156304359436035)
Factored level 2 of 3 (0.9768433570861816)
Factored level 3 of 3 (1.7780444622039795)
Factored level 0 of 3 (0.07083439826965332)
Factored level 1 of 3 (0.3611147403717041)
Factored level 2 of 3 (0.6689608097076416)
Factored level 3 of 3 (1.6241285800933838)
Factored level 0 of 3 (0.09535789489746094)
Factored level 1 of 3 (0.49855756759643555)
Factored level 2 of 3 (0.8384218215942383)
Factored level 3 of 3 (1.651623010635376)
Factored level 0 of 3 (0.08750486373901367)
Factored level 1 of 3 (0.5139014720916748)
Factored level 2 of 3 (0.8431951999664307)
Factored level 3 of 3 (1.7858200073242188)
Factored level 0 of 3 (0.07258272171020508)
Factored level 1 of 3 (0.3470125198364258)
Factored level 2 of 3 (0.9149324893951416)
Factored level 3 of 3 (1.8633382320404053)
Time to factor: 17.974672317504883
Total memory: 42179227
Max rows at leaf level: 13
