N: 2048
Factored level 0 of 4 (0.34157466888427734)
Factored level 1 of 4 (1.1328866481781006)
Factored level 2 of 4 (3.395078182220459)
Factored level 3 of 4 (6.836670398712158)
Factored level 4 of 4 (19.557435512542725)
Factored level 0 of 4 (0.3197634220123291)
Factored level 1 of 4 (1.0778272151947021)
Factored level 2 of 4 (2.9607551097869873)
Factored level 3 of 4 (7.744429588317871)
Factored level 4 of 4 (21.607097864151)
Factored level 0 of 4 (0.30869150161743164)
Factored level 1 of 4 (1.2391276359558105)
Factored level 2 of 4 (2.9738504886627197)
Factored level 3 of 4 (7.340430498123169)
Factored level 4 of 4 (22.315465927124023)
Factored level 0 of 4 (0.3857238292694092)
Factored level 1 of 4 (1.0622596740722656)
Factored level 2 of 4 (3.241938591003418)
Factored level 3 of 4 (7.303187608718872)
Factored level 4 of 4 (22.609850645065308)
Factored level 0 of 4 (0.35405826568603516)
Factored level 1 of 4 (1.1178948879241943)
Factored level 2 of 4 (3.2256948947906494)
Factored level 3 of 4 (7.580493688583374)
Factored level 4 of 4 (23.517704486846924)
Factored level 0 of 4 (0.34478282928466797)
Factored level 1 of 4 (1.0180492401123047)
Factored level 2 of 4 (3.2485060691833496)
Factored level 3 of 4 (7.545126914978027)
Factored level 4 of 4 (23.11090612411499)
Factored level 0 of 4 (0.33054637908935547)
Factored level 1 of 4 (1.1642875671386719)
Factored level 2 of 4 (3.356793165206909)
Factored level 3 of 4 (7.854532480239868)
Factored level 4 of 4 (23.320331573486328)
Factored level 0 of 4 (0.3191993236541748)
Factored level 1 of 4 (1.019451379776001)
Factored level 2 of 4 (3.406235456466675)
Factored level 3 of 4 (7.790163516998291)
Factored level 4 of 4 (23.240970373153687)
Factored level 0 of 4 (0.3192923069000244)
Factored level 1 of 4 (1.0820190906524658)
Factored level 2 of 4 (3.1451737880706787)
Factored level 3 of 4 (7.993037462234497)
Factored level 4 of 4 (22.579307556152344)
Factored level 0 of 4 (0.29985713958740234)
Factored level 1 of 4 (1.177757740020752)
Factored level 2 of 4 (3.058107376098633)
Factored level 3 of 4 (7.271306276321411)
Factored level 4 of 4 (22.10289478302002)
Factored level 0 of 4 (0.33095264434814453)
Factored level 1 of 4 (1.159844160079956)
Factored level 2 of 4 (2.9130022525787354)
Factored level 3 of 4 (7.497433662414551)
Factored level 4 of 4 (22.775032997131348)
Factored level 0 of 4 (0.3321542739868164)
Factored level 1 of 4 (1.063483715057373)
Factored level 2 of 4 (2.968956232070923)
Factored level 3 of 4 (7.367002964019775)
Factored level 4 of 4 (22.49580669403076)
Factored level 0 of 4 (0.3095674514770508)
Factored level 1 of 4 (1.1872708797454834)
Factored level 2 of 4 (2.9545836448669434)
Factored level 3 of 4 (7.054468393325806)
Factored level 4 of 4 (22.761191844940186)
Factored level 0 of 4 (0.31604909896850586)
Factored level 1 of 4 (1.252523422241211)
Factored level 2 of 4 (3.2226550579071045)
Factored level 3 of 4 (7.565182209014893)
Factored level 4 of 4 (22.93582510948181)
Factored level 0 of 4 (0.31862711906433105)
Factored level 1 of 4 (1.1868138313293457)
Factored level 2 of 4 (3.0912857055664062)
Factored level 3 of 4 (7.562324285507202)
Factored level 4 of 4 (23.173972368240356)
Factored level 0 of 4 (0.3591146469116211)
Factored level 1 of 4 (1.1456630229949951)
Factored level 2 of 4 (3.0337541103363037)
Factored level 3 of 4 (7.249962329864502)
Factored level 4 of 4 (21.78919553756714)
Time to factor: 433.87602496147156
Total memory: 3204324523
Max rows at leaf level: 128
