N: 512
Factored level 0 of 3 (0.1110830307006836)
Factored level 1 of 3 (0.3834495544433594)
Factored level 2 of 3 (1.2092201709747314)
Factored level 3 of 3 (2.0116031169891357)
Factored level 0 of 3 (0.061888694763183594)
Factored level 1 of 3 (0.48265981674194336)
Factored level 2 of 3 (0.9604318141937256)
Factored level 3 of 3 (1.9546940326690674)
Factored level 0 of 3 (0.057348012924194336)
Factored level 1 of 3 (0.3543894290924072)
Factored level 2 of 3 (1.4850006103515625)
Factored level 3 of 3 (2.366889238357544)
Factored level 0 of 3 (0.07529067993164062)
Factored level 1 of 3 (0.34485840797424316)
Factored level 2 of 3 (1.1647825241088867)
Factored level 3 of 3 (2.3716483116149902)
Factored level 0 of 3 (0.07011532783508301)
Factored level 1 of 3 (0.4868342876434326)
Factored level 2 of 3 (1.0217201709747314)
Factored level 3 of 3 (2.340052843093872)
Factored level 0 of 3 (0.07010674476623535)
Factored level 1 of 3 (0.6467809677124023)
Factored level 2 of 3 (0.6944365501403809)
Factored level 3 of 3 (1.9675099849700928)
Factored level 0 of 3 (0.06811356544494629)
Factored level 1 of 3 (0.5331118106842041)
Factored level 2 of 3 (0.9939641952514648)
Factored level 3 of 3 (2.0586602687835693)
Factored level 0 of 3 (0.06817388534545898)
Factored level 1 of 3 (0.5141952037811279)
Factored level 2 of 3 (1.4814016819000244)
Factored level 3 of 3 (2.4256768226623535)
Time to factor: 22.06202006340027
Total memory: 167235658
Max rows at leaf level: 64
