N: 512
Factored level 0 of 3 (0.18329429626464844)
Factored level 1 of 3 (2.2461273670196533)
Factored level 2 of 3 (6.524571657180786)
Factored level 3 of 3 (30.23643469810486)
Factored level 0 of 3 (0.14681720733642578)
Factored level 1 of 3 (2.3356235027313232)
Factored level 2 of 3 (6.497185707092285)
Factored level 3 of 3 (31.42889952659607)
Factored level 0 of 3 (0.1405956745147705)
Factored level 1 of 3 (2.2806029319763184)
Factored level 2 of 3 (6.911269187927246)
Factored level 3 of 3 (32.05807662010193)
Factored level 0 of 3 (0.13201189041137695)
Factored level 1 of 3 (2.391423463821411)
Factored level 2 of 3 (6.365261077880859)
Factored level 3 of 3 (31.15096139907837)
Factored level 0 of 3 (0.15878891944885254)
Factored level 1 of 3 (1.8881540298461914)
Factored level 2 of 3 (7.334530591964722)
Factored level 3 of 3 (33.681071043014526)
Factored level 0 of 3 (0.1591172218322754)
Factored level 1 of 3 (2.3134241104125977)
Factored level 2 of 3 (6.701873779296875)
Factored level 3 of 3 (32.06206130981445)
Factored level 0 of 3 (0.1722404956817627)
Factored level 1 of 3 (2.5686371326446533)
Factored level 2 of 3 (6.59428858757019)
Factored level 3 of 3 (32.08020234107971)
Factored level 0 of 3 (0.15122103691101074)
Factored level 1 of 3 (2.4986937046051025)
Factored level 2 of 3 (6.667335510253906)
Factored level 3 of 3 (31.171853065490723)
Factored level 0 of 3 (0.1693887710571289)
Factored level 1 of 3 (2.3343617916107178)
Factored level 2 of 3 (6.955115079879761)
Factored level 3 of 3 (31.2055983543396)
Factored level 0 of 3 (0.14134621620178223)
Factored level 1 of 3 (2.04262113571167)
Factored level 2 of 3 (7.128549337387085)
Factored level 3 of 3 (32.20733880996704)
Factored level 0 of 3 (0.1825850009918213)
Factored level 1 of 3 (2.212639093399048)
Factored level 2 of 3 (6.574284315109253)
Factored level 3 of 3 (31.69195008277893)
Factored level 0 of 3 (0.1610395908355713)
Factored level 1 of 3 (2.142197608947754)
Factored level 2 of 3 (6.83952784538269)
Factored level 3 of 3 (31.61354637145996)
Factored level 0 of 3 (0.15938639640808105)
Factored level 1 of 3 (2.3202500343322754)
Factored level 2 of 3 (6.973035097122192)
Factored level 3 of 3 (32.51811742782593)
Factored level 0 of 3 (0.16965055465698242)
Factored level 1 of 3 (3.030731201171875)
Factored level 2 of 3 (6.519395589828491)
Factored level 3 of 3 (30.8682861328125)
Factored level 0 of 3 (0.15427637100219727)
Factored level 1 of 3 (2.359435558319092)
Factored level 2 of 3 (6.770740747451782)
Factored level 3 of 3 (32.36693453788757)
Factored level 0 of 3 (0.16761517524719238)
Factored level 1 of 3 (2.9527335166931152)
Factored level 2 of 3 (6.309041738510132)
Factored level 3 of 3 (30.913625717163086)
Factored level 0 of 3 (0.1949152946472168)
Factored level 1 of 3 (2.5648746490478516)
Factored level 2 of 3 (5.472492694854736)
Factored level 3 of 3 (30.878390073776245)
Factored level 0 of 3 (0.15573382377624512)
Factored level 1 of 3 (2.469684362411499)
Factored level 2 of 3 (6.886059522628784)
Factored level 3 of 3 (31.508736848831177)
Factored level 0 of 3 (0.16363286972045898)
Factored level 1 of 3 (2.8554670810699463)
Factored level 2 of 3 (6.1707093715667725)
Factored level 3 of 3 (30.982097864151)
Factored level 0 of 3 (0.15795373916625977)
Factored level 1 of 3 (2.2601611614227295)
Factored level 2 of 3 (6.509957790374756)
Factored level 3 of 3 (31.484206199645996)
Factored level 0 of 3 (0.1688671112060547)
Factored level 1 of 3 (2.332552909851074)
Factored level 2 of 3 (6.691796779632568)
Factored level 3 of 3 (31.763297080993652)
Factored level 0 of 3 (0.15005254745483398)
Factored level 1 of 3 (2.4873111248016357)
Factored level 2 of 3 (6.005602121353149)
Factored level 3 of 3 (30.774453163146973)
Factored level 0 of 3 (0.15420842170715332)
Factored level 1 of 3 (2.4860403537750244)
Factored level 2 of 3 (6.671211004257202)
Factored level 3 of 3 (31.511120080947876)
Factored level 0 of 3 (0.15607738494873047)
Factored level 1 of 3 (2.207287311553955)
Factored level 2 of 3 (7.165273427963257)
Factored level 3 of 3 (31.755876064300537)
Factored level 0 of 3 (0.1385936737060547)
Factored level 1 of 3 (2.3814783096313477)
Factored level 2 of 3 (6.275085210800171)
Factored level 3 of 3 (30.972483158111572)
Factored level 0 of 3 (0.1472330093383789)
Factored level 1 of 3 (2.5372464656829834)
Factored level 2 of 3 (6.374788522720337)
Factored level 3 of 3 (30.626956701278687)
Factored level 0 of 3 (0.15946364402770996)
Factored level 1 of 3 (2.4167330265045166)
Factored level 2 of 3 (6.57961106300354)
Factored level 3 of 3 (30.69883394241333)
Factored level 0 of 3 (0.1626265048980713)
Factored level 1 of 3 (2.3276278972625732)
Factored level 2 of 3 (6.594714879989624)
Factored level 3 of 3 (30.991019248962402)
Factored level 0 of 3 (0.22438740730285645)
Factored level 1 of 3 (2.061678171157837)
Factored level 2 of 3 (7.403626918792725)
Factored level 3 of 3 (31.713672161102295)
Factored level 0 of 3 (0.15746498107910156)
Factored level 1 of 3 (2.5977351665496826)
Factored level 2 of 3 (6.877245903015137)
Factored level 3 of 3 (31.89456534385681)
Factored level 0 of 3 (0.19341588020324707)
Factored level 1 of 3 (2.4626569747924805)
Factored level 2 of 3 (6.845673322677612)
Factored level 3 of 3 (31.0243923664093)
Factored level 0 of 3 (0.1521456241607666)
Factored level 1 of 3 (1.9742140769958496)
Factored level 2 of 3 (7.449076414108276)
Factored level 3 of 3 (31.460240364074707)
Factored level 0 of 3 (0.16244912147521973)
Factored level 1 of 3 (2.6384007930755615)
Factored level 2 of 3 (6.4220240116119385)
Factored level 3 of 3 (30.914727926254272)
Factored level 0 of 3 (0.14071178436279297)
Factored level 1 of 3 (2.379361629486084)
Factored level 2 of 3 (6.577829122543335)
Factored level 3 of 3 (31.30262565612793)
Factored level 0 of 3 (0.14863967895507812)
Factored level 1 of 3 (2.10426664352417)
Factored level 2 of 3 (6.971037864685059)
Factored level 3 of 3 (30.71431541442871)
Factored level 0 of 3 (0.15521001815795898)
Factored level 1 of 3 (2.2122294902801514)
Factored level 2 of 3 (7.074057579040527)
Factored level 3 of 3 (31.28672218322754)
Factored level 0 of 3 (0.173980712890625)
Factored level 1 of 3 (2.4881346225738525)
Factored level 2 of 3 (6.874490737915039)
Factored level 3 of 3 (31.70166277885437)
Factored level 0 of 3 (0.1623382568359375)
Factored level 1 of 3 (2.196788787841797)
Factored level 2 of 3 (7.3482677936553955)
Factored level 3 of 3 (32.48901343345642)
Factored level 0 of 3 (0.17205429077148438)
Factored level 1 of 3 (2.3656046390533447)
Factored level 2 of 3 (6.260210275650024)
Factored level 3 of 3 (31.42211103439331)
Factored level 0 of 3 (0.15018033981323242)
Factored level 1 of 3 (2.3015472888946533)
Factored level 2 of 3 (6.291702747344971)
Factored level 3 of 3 (31.21546769142151)
Factored level 0 of 3 (0.1582472324371338)
Factored level 1 of 3 (2.5142204761505127)
Factored level 2 of 3 (6.600320100784302)
Factored level 3 of 3 (31.23456382751465)
Factored level 0 of 3 (0.1527247428894043)
Factored level 1 of 3 (2.4637579917907715)
Factored level 2 of 3 (6.668008804321289)
Factored level 3 of 3 (30.962774991989136)
Factored level 0 of 3 (0.2687263488769531)
Factored level 1 of 3 (2.6983251571655273)
Factored level 2 of 3 (6.033711194992065)
Factored level 3 of 3 (30.306894302368164)
Factored level 0 of 3 (0.15046286582946777)
Factored level 1 of 3 (2.249504804611206)
Factored level 2 of 3 (7.046394109725952)
Factored level 3 of 3 (31.198662757873535)
Factored level 0 of 3 (0.1669931411743164)
Factored level 1 of 3 (2.4475045204162598)
Factored level 2 of 3 (6.453587055206299)
Factored level 3 of 3 (30.998260498046875)
Factored level 0 of 3 (0.18722820281982422)
Factored level 1 of 3 (2.23984432220459)
Factored level 2 of 3 (6.399392127990723)
Factored level 3 of 3 (30.823357105255127)
Factored level 0 of 3 (0.13669919967651367)
Factored level 1 of 3 (2.427231550216675)
Factored level 2 of 3 (6.66550612449646)
Factored level 3 of 3 (30.94100260734558)
Factored level 0 of 3 (0.1561112403869629)
Factored level 1 of 3 (2.1860241889953613)
Factored level 2 of 3 (6.388299942016602)
Factored level 3 of 3 (31.707101583480835)
Factored level 0 of 3 (0.2757532596588135)
Factored level 1 of 3 (2.3535711765289307)
Factored level 2 of 3 (6.6204283237457275)
Factored level 3 of 3 (30.60039520263672)
Factored level 0 of 3 (0.18288230895996094)
Factored level 1 of 3 (2.6331400871276855)
Factored level 2 of 3 (6.528679847717285)
Factored level 3 of 3 (30.640979766845703)
Factored level 0 of 3 (0.19634103775024414)
Factored level 1 of 3 (2.3888373374938965)
Factored level 2 of 3 (6.1259307861328125)
Factored level 3 of 3 (30.742496013641357)
Factored level 0 of 3 (0.17004752159118652)
Factored level 1 of 3 (2.4722511768341064)
Factored level 2 of 3 (6.501891613006592)
Factored level 3 of 3 (30.914567232131958)
Factored level 0 of 3 (0.15164709091186523)
Factored level 1 of 3 (2.2933332920074463)
Factored level 2 of 3 (6.89089035987854)
Factored level 3 of 3 (31.47603416442871)
Factored level 0 of 3 (0.15401268005371094)
Factored level 1 of 3 (2.3487534523010254)
Factored level 2 of 3 (6.106752157211304)
Factored level 3 of 3 (32.06758499145508)
Factored level 0 of 3 (0.2999577522277832)
Factored level 1 of 3 (2.3136250972747803)
Factored level 2 of 3 (6.826316833496094)
Factored level 3 of 3 (30.90439486503601)
Factored level 0 of 3 (0.20422697067260742)
Factored level 1 of 3 (2.5403013229370117)
Factored level 2 of 3 (6.6386940479278564)
Factored level 3 of 3 (31.0928795337677)
Factored level 0 of 3 (0.15349936485290527)
Factored level 1 of 3 (2.547271490097046)
Factored level 2 of 3 (6.931731462478638)
Factored level 3 of 3 (30.899890899658203)
Factored level 0 of 3 (0.1420576572418213)
Factored level 1 of 3 (2.68988037109375)
Factored level 2 of 3 (6.0143818855285645)
Factored level 3 of 3 (30.03770899772644)
Factored level 0 of 3 (0.1355762481689453)
Factored level 1 of 3 (2.273460626602173)
Factored level 2 of 3 (6.888232946395874)
Factored level 3 of 3 (30.858737468719482)
Factored level 0 of 3 (0.15688705444335938)
Factored level 1 of 3 (2.1443114280700684)
Factored level 2 of 3 (6.829866647720337)
Factored level 3 of 3 (30.7351291179657)
Factored level 0 of 3 (0.14767861366271973)
Factored level 1 of 3 (2.6998558044433594)
Factored level 2 of 3 (6.253734588623047)
Factored level 3 of 3 (30.96158003807068)
Factored level 0 of 3 (0.16328096389770508)
Factored level 1 of 3 (2.3554344177246094)
Factored level 2 of 3 (7.173158884048462)
Factored level 3 of 3 (31.501813173294067)
Factored level 0 of 3 (0.14790654182434082)
Factored level 1 of 3 (2.591599464416504)
Factored level 2 of 3 (6.515202522277832)
Factored level 3 of 3 (30.92455816268921)
Factored level 0 of 3 (0.17105722427368164)
Factored level 1 of 3 (2.1663193702697754)
Factored level 2 of 3 (6.705483436584473)
Factored level 3 of 3 (30.782705068588257)
Time to factor: 2165.9589672088623
Total memory: 140639597198
Max rows at leaf level: 43
