N: 128
Factored level 0 of 2 (0.09071898460388184)
Factored level 1 of 2 (0.6363441944122314)
Factored level 2 of 2 (1.9368536472320557)
Factored level 0 of 2 (0.05486297607421875)
Factored level 1 of 2 (1.044773817062378)
Factored level 2 of 2 (1.8410658836364746)
Factored level 0 of 2 (0.04447579383850098)
Factored level 1 of 2 (0.35051488876342773)
Factored level 2 of 2 (1.9152002334594727)
Factored level 0 of 2 (0.061835289001464844)
Factored level 1 of 2 (0.4335956573486328)
Factored level 2 of 2 (1.9250280857086182)
Factored level 0 of 2 (0.05044746398925781)
Factored level 1 of 2 (0.6231269836425781)
Factored level 2 of 2 (1.9351494312286377)
Factored level 0 of 2 (0.06306171417236328)
Factored level 1 of 2 (0.5849530696868896)
Factored level 2 of 2 (1.8537838459014893)
Factored level 0 of 2 (0.05720686912536621)
Factored level 1 of 2 (0.5182995796203613)
Factored level 2 of 2 (2.037156105041504)
Factored level 0 of 2 (0.05630922317504883)
Factored level 1 of 2 (0.3214278221130371)
Factored level 2 of 2 (1.9525232315063477)
Factored level 0 of 2 (0.0587160587310791)
Factored level 1 of 2 (0.5834486484527588)
Factored level 2 of 2 (1.961658000946045)
Factored level 0 of 2 (0.06128191947937012)
Factored level 1 of 2 (0.9261164665222168)
Factored level 2 of 2 (1.9373970031738281)
Factored level 0 of 2 (0.06819272041320801)
Factored level 1 of 2 (0.43585824966430664)
Factored level 2 of 2 (1.876626968383789)
Factored level 0 of 2 (0.07472729682922363)
Factored level 1 of 2 (0.5171465873718262)
Factored level 2 of 2 (1.8975830078125)
Factored level 0 of 2 (0.07281875610351562)
Factored level 1 of 2 (0.3845686912536621)
Factored level 2 of 2 (2.077878952026367)
Factored level 0 of 2 (0.06459617614746094)
Factored level 1 of 2 (0.7205290794372559)
Factored level 2 of 2 (1.8799290657043457)
Factored level 0 of 2 (0.05953216552734375)
Factored level 1 of 2 (0.5893535614013672)
Factored level 2 of 2 (2.06486177444458)
Factored level 0 of 2 (0.05960202217102051)
Factored level 1 of 2 (0.33278989791870117)
Factored level 2 of 2 (1.9929633140563965)
Time to factor: 32.3133647441864
Total memory: 2236194154
Max rows at leaf level: 13
