N: 1024
Factored level 0 of 4 (0.42714953422546387)
Factored level 1 of 4 (2.788755416870117)
Factored level 2 of 4 (18.450743675231934)
Factored level 3 of 4 (83.5897946357727)
Factored level 4 of 4 (388.53988766670227)
Factored level 0 of 4 (0.43257904052734375)
Factored level 1 of 4 (3.1129918098449707)
Factored level 2 of 4 (19.51960062980652)
Factored level 3 of 4 (85.6552164554596)
Factored level 4 of 4 (404.21767711639404)
Factored level 0 of 4 (0.3995852470397949)
Factored level 1 of 4 (3.480773448944092)
Factored level 2 of 4 (19.870872735977173)
Factored level 3 of 4 (85.53995633125305)
Factored level 4 of 4 (400.98677349090576)
Factored level 0 of 4 (0.38426852226257324)
Factored level 1 of 4 (3.3638195991516113)
Factored level 2 of 4 (20.265058279037476)
Factored level 3 of 4 (87.25444769859314)
Factored level 4 of 4 (404.5270414352417)
Factored level 0 of 4 (0.4282653331756592)
Factored level 1 of 4 (3.2829041481018066)
Factored level 2 of 4 (21.4527108669281)
Factored level 3 of 4 (88.64909815788269)
Factored level 4 of 4 (404.6609971523285)
Factored level 0 of 4 (0.38459181785583496)
Factored level 1 of 4 (2.94521164894104)
Factored level 2 of 4 (19.773814916610718)
Factored level 3 of 4 (87.98999834060669)
Factored level 4 of 4 (404.8473651409149)
Factored level 0 of 4 (0.4316685199737549)
Factored level 1 of 4 (3.9507107734680176)
Factored level 2 of 4 (20.291168212890625)
Factored level 3 of 4 (90.34291362762451)
Factored level 4 of 4 (405.3205785751343)
Factored level 0 of 4 (0.379932165145874)
Factored level 1 of 4 (3.5334348678588867)
Factored level 2 of 4 (20.980987310409546)
Factored level 3 of 4 (89.1543493270874)
Factored level 4 of 4 (407.4944055080414)
Factored level 0 of 4 (0.45725488662719727)
Factored level 1 of 4 (2.736405849456787)
Factored level 2 of 4 (21.32885193824768)
Factored level 3 of 4 (91.29136943817139)
Factored level 4 of 4 (410.11878275871277)
Factored level 0 of 4 (0.5052030086517334)
Factored level 1 of 4 (3.764991521835327)
Factored level 2 of 4 (20.071336269378662)
Factored level 3 of 4 (89.64829516410828)
Factored level 4 of 4 (407.1100797653198)
Factored level 0 of 4 (0.4251103401184082)
Factored level 1 of 4 (3.408766746520996)
Factored level 2 of 4 (20.14088773727417)
Factored level 3 of 4 (89.52758932113647)
Factored level 4 of 4 (406.5825035572052)
Factored level 0 of 4 (0.3773765563964844)
Factored level 1 of 4 (2.9759109020233154)
Factored level 2 of 4 (20.364262580871582)
Factored level 3 of 4 (88.86540961265564)
Factored level 4 of 4 (405.14173793792725)
Factored level 0 of 4 (0.41701436042785645)
Factored level 1 of 4 (3.5325851440429688)
Factored level 2 of 4 (21.040124654769897)
Factored level 3 of 4 (89.21964716911316)
Factored level 4 of 4 (410.25860238075256)
Factored level 0 of 4 (0.4074060916900635)
Factored level 1 of 4 (3.5744528770446777)
Factored level 2 of 4 (20.514804124832153)
Factored level 3 of 4 (89.25233554840088)
Factored level 4 of 4 (405.16949343681335)
Factored level 0 of 4 (0.4644951820373535)
Factored level 1 of 4 (2.9601588249206543)
Factored level 2 of 4 (20.6265766620636)
Factored level 3 of 4 (89.80888056755066)
Factored level 4 of 4 (406.2019762992859)
Factored level 0 of 4 (0.3882412910461426)
Factored level 1 of 4 (3.044720411300659)
Factored level 2 of 4 (20.519795417785645)
Factored level 3 of 4 (88.96076536178589)
Factored level 4 of 4 (405.88819575309753)
Factored level 0 of 4 (0.45777416229248047)
Factored level 1 of 4 (3.3897056579589844)
Factored level 2 of 4 (20.868951082229614)
Factored level 3 of 4 (91.04191899299622)
Factored level 4 of 4 (411.65496253967285)
Factored level 0 of 4 (0.42829298973083496)
Factored level 1 of 4 (3.1282715797424316)
Factored level 2 of 4 (21.598413228988647)
Factored level 3 of 4 (90.4471046924591)
Factored level 4 of 4 (407.55706334114075)
Factored level 0 of 4 (0.36348652839660645)
Factored level 1 of 4 (2.913290023803711)
Factored level 2 of 4 (21.101975202560425)
Factored level 3 of 4 (89.63178253173828)
Factored level 4 of 4 (408.41749143600464)
Factored level 0 of 4 (0.40930652618408203)
Factored level 1 of 4 (3.2835166454315186)
Factored level 2 of 4 (19.967713356018066)
Factored level 3 of 4 (90.3245120048523)
Factored level 4 of 4 (411.7499394416809)
Factored level 0 of 4 (0.39899682998657227)
Factored level 1 of 4 (4.231568813323975)
Factored level 2 of 4 (21.62392282485962)
Factored level 3 of 4 (90.56388354301453)
Factored level 4 of 4 (411.8291928768158)
Factored level 0 of 4 (0.40465712547302246)
Factored level 1 of 4 (3.2516324520111084)
Factored level 2 of 4 (20.958202600479126)
Factored level 3 of 4 (89.80351781845093)
Factored level 4 of 4 (412.13519620895386)
Factored level 0 of 4 (0.43085289001464844)
Factored level 1 of 4 (3.786958694458008)
Factored level 2 of 4 (20.61430549621582)
Factored level 3 of 4 (89.88882803916931)
Factored level 4 of 4 (411.27450299263)
Factored level 0 of 4 (0.4027888774871826)
Factored level 1 of 4 (3.607133388519287)
Factored level 2 of 4 (21.748798370361328)
Factored level 3 of 4 (90.53097105026245)
Factored level 4 of 4 (410.35407853126526)
Factored level 0 of 4 (0.38185572624206543)
Factored level 1 of 4 (3.5252768993377686)
Factored level 2 of 4 (20.490499258041382)
Factored level 3 of 4 (92.66674995422363)
Factored level 4 of 4 (413.6755244731903)
Factored level 0 of 4 (0.3895599842071533)
Factored level 1 of 4 (3.7721681594848633)
Factored level 2 of 4 (19.453604459762573)
Factored level 3 of 4 (87.84955048561096)
Factored level 4 of 4 (407.1875982284546)
Factored level 0 of 4 (0.39536285400390625)
Factored level 1 of 4 (3.890425443649292)
Factored level 2 of 4 (21.938875913619995)
Factored level 3 of 4 (89.46721601486206)
Factored level 4 of 4 (410.40621399879456)
Factored level 0 of 4 (0.4072234630584717)
Factored level 1 of 4 (3.6824283599853516)
Factored level 2 of 4 (20.461804389953613)
Factored level 3 of 4 (91.9133849143982)
Factored level 4 of 4 (417.58472323417664)
Factored level 0 of 4 (0.41413259506225586)
Factored level 1 of 4 (4.271169424057007)
Factored level 2 of 4 (21.245343685150146)
Factored level 3 of 4 (92.10116529464722)
Factored level 4 of 4 (411.1366562843323)
Factored level 0 of 4 (0.41342830657958984)
Factored level 1 of 4 (3.5917255878448486)
Factored level 2 of 4 (20.887699365615845)
Factored level 3 of 4 (93.44448137283325)
Factored level 4 of 4 (417.03481101989746)
Factored level 0 of 4 (0.44347310066223145)
Factored level 1 of 4 (3.3902719020843506)
Factored level 2 of 4 (20.949470281600952)
Factored level 3 of 4 (91.86503791809082)
Factored level 4 of 4 (410.55128955841064)
Factored level 0 of 4 (1.1923134326934814)
Factored level 1 of 4 (3.2031824588775635)
Factored level 2 of 4 (21.75567388534546)
Factored level 3 of 4 (89.98142170906067)
Factored level 4 of 4 (413.57805156707764)
Factored level 0 of 4 (0.49425292015075684)
Factored level 1 of 4 (2.9811525344848633)
Factored level 2 of 4 (21.564908027648926)
Factored level 3 of 4 (89.76487064361572)
Factored level 4 of 4 (411.340695142746)
Factored level 0 of 4 (0.42253994941711426)
Factored level 1 of 4 (2.857156753540039)
Factored level 2 of 4 (20.768555402755737)
Factored level 3 of 4 (90.43089175224304)
Factored level 4 of 4 (413.0960829257965)
Factored level 0 of 4 (0.4006035327911377)
Factored level 1 of 4 (2.701742649078369)
Factored level 2 of 4 (21.392203092575073)
Factored level 3 of 4 (92.4229416847229)
Factored level 4 of 4 (413.7892224788666)
Factored level 0 of 4 (0.4649631977081299)
Factored level 1 of 4 (3.150080919265747)
Factored level 2 of 4 (20.60247778892517)
Factored level 3 of 4 (93.01608276367188)
Factored level 4 of 4 (413.13741755485535)
Factored level 0 of 4 (0.42719435691833496)
Factored level 1 of 4 (3.0363457202911377)
Factored level 2 of 4 (20.105137586593628)
Factored level 3 of 4 (93.29018115997314)
Factored level 4 of 4 (416.89084672927856)
Factored level 0 of 4 (0.5036392211914062)
Factored level 1 of 4 (3.5946359634399414)
Factored level 2 of 4 (21.65780472755432)
Factored level 3 of 4 (92.49929547309875)
Factored level 4 of 4 (415.6494724750519)
Factored level 0 of 4 (0.34931039810180664)
Factored level 1 of 4 (2.9379799365997314)
Factored level 2 of 4 (20.975693941116333)
Factored level 3 of 4 (91.06179928779602)
Factored level 4 of 4 (416.84140825271606)
Factored level 0 of 4 (0.4356057643890381)
Factored level 1 of 4 (3.6894993782043457)
Factored level 2 of 4 (21.124479055404663)
Factored level 3 of 4 (91.95947432518005)
Factored level 4 of 4 (414.0690846443176)
Factored level 0 of 4 (0.38672542572021484)
Factored level 1 of 4 (3.278154134750366)
Factored level 2 of 4 (21.598000049591064)
Factored level 3 of 4 (92.9198043346405)
Factored level 4 of 4 (419.20512771606445)
Factored level 0 of 4 (0.4124922752380371)
Factored level 1 of 4 (4.4580159187316895)
Factored level 2 of 4 (21.929478645324707)
Factored level 3 of 4 (92.71163940429688)
Factored level 4 of 4 (413.9550504684448)
Factored level 0 of 4 (0.3918337821960449)
Factored level 1 of 4 (3.07717227935791)
Factored level 2 of 4 (22.356980800628662)
Factored level 3 of 4 (90.31652355194092)
Factored level 4 of 4 (416.31869554519653)
Factored level 0 of 4 (0.4495670795440674)
Factored level 1 of 4 (3.486262798309326)
Factored level 2 of 4 (20.995265007019043)
Factored level 3 of 4 (93.01577997207642)
Factored level 4 of 4 (417.10105752944946)
Factored level 0 of 4 (0.4222540855407715)
Factored level 1 of 4 (3.175922393798828)
Factored level 2 of 4 (20.078487157821655)
Factored level 3 of 4 (93.30865025520325)
Factored level 4 of 4 (418.6460347175598)
Factored level 0 of 4 (0.4647552967071533)
Factored level 1 of 4 (2.99784517288208)
Factored level 2 of 4 (20.231345176696777)
Factored level 3 of 4 (92.42828273773193)
Factored level 4 of 4 (419.15369415283203)
Factored level 0 of 4 (0.4729137420654297)
Factored level 1 of 4 (2.9520316123962402)
Factored level 2 of 4 (21.1122989654541)
Factored level 3 of 4 (90.89918041229248)
Factored level 4 of 4 (413.9257595539093)
Factored level 0 of 4 (0.4223599433898926)
Factored level 1 of 4 (4.843116998672485)
Factored level 2 of 4 (20.821335077285767)
Factored level 3 of 4 (90.97177267074585)
Factored level 4 of 4 (416.0718078613281)
Factored level 0 of 4 (0.44420504570007324)
Factored level 1 of 4 (3.386592388153076)
Factored level 2 of 4 (21.9293155670166)
Factored level 3 of 4 (94.73199319839478)
Factored level 4 of 4 (419.9131073951721)
Factored level 0 of 4 (0.3843865394592285)
Factored level 1 of 4 (3.41324520111084)
Factored level 2 of 4 (20.390822887420654)
Factored level 3 of 4 (91.68813371658325)
Factored level 4 of 4 (417.09303045272827)
Factored level 0 of 4 (0.45798158645629883)
Factored level 1 of 4 (4.421590805053711)
Factored level 2 of 4 (21.93832230567932)
Factored level 3 of 4 (92.57497429847717)
Factored level 4 of 4 (415.7828631401062)
Factored level 0 of 4 (0.40036678314208984)
Factored level 1 of 4 (3.7254135608673096)
Factored level 2 of 4 (20.374391794204712)
Factored level 3 of 4 (89.38915276527405)
