N: 512
Factored level 0 of 3 (0.29884910583496094)
Factored level 1 of 3 (2.7472267150878906)
Factored level 2 of 3 (8.71300983428955)
Factored level 3 of 3 (40.05995750427246)
Factored level 0 of 3 (0.1599729061126709)
Factored level 1 of 3 (2.7368264198303223)
Factored level 2 of 3 (7.982956886291504)
Factored level 3 of 3 (40.675657749176025)
Factored level 0 of 3 (0.15677380561828613)
Factored level 1 of 3 (2.7588698863983154)
Factored level 2 of 3 (8.592339992523193)
Factored level 3 of 3 (41.80333113670349)
Factored level 0 of 3 (0.14473223686218262)
Factored level 1 of 3 (3.460569143295288)
Factored level 2 of 3 (7.926769018173218)
Factored level 3 of 3 (41.40399384498596)
Factored level 0 of 3 (0.15454602241516113)
Factored level 1 of 3 (2.9514451026916504)
Factored level 2 of 3 (7.897744655609131)
Factored level 3 of 3 (41.614707469940186)
Factored level 0 of 3 (0.19478654861450195)
Factored level 1 of 3 (2.808565616607666)
Factored level 2 of 3 (8.240380764007568)
Factored level 3 of 3 (41.68365478515625)
Factored level 0 of 3 (0.1676490306854248)
Factored level 1 of 3 (2.626349925994873)
Factored level 2 of 3 (8.684986591339111)
Factored level 3 of 3 (41.16751790046692)
Factored level 0 of 3 (0.22346854209899902)
Factored level 1 of 3 (2.5317254066467285)
Factored level 2 of 3 (7.845706224441528)
Factored level 3 of 3 (39.6581814289093)
Factored level 0 of 3 (0.16078591346740723)
Factored level 1 of 3 (2.842134952545166)
Factored level 2 of 3 (8.437251329421997)
Factored level 3 of 3 (40.751434564590454)
Factored level 0 of 3 (0.1585836410522461)
Factored level 1 of 3 (2.7606313228607178)
Factored level 2 of 3 (8.674694061279297)
Factored level 3 of 3 (42.4065363407135)
Factored level 0 of 3 (0.14159750938415527)
Factored level 1 of 3 (2.8565497398376465)
Factored level 2 of 3 (8.061651468276978)
Factored level 3 of 3 (43.208141565322876)
Factored level 0 of 3 (0.1370556354522705)
Factored level 1 of 3 (2.679187059402466)
Factored level 2 of 3 (8.670577049255371)
Factored level 3 of 3 (43.7366259098053)
Factored level 0 of 3 (0.1400923728942871)
Factored level 1 of 3 (2.804373025894165)
Factored level 2 of 3 (8.964594602584839)
Factored level 3 of 3 (43.85261821746826)
Factored level 0 of 3 (0.2210085391998291)
Factored level 1 of 3 (3.228172540664673)
Factored level 2 of 3 (8.216950178146362)
Factored level 3 of 3 (42.74972176551819)
Factored level 0 of 3 (0.16011738777160645)
Factored level 1 of 3 (3.393373727798462)
Factored level 2 of 3 (7.496966123580933)
Factored level 3 of 3 (41.73009920120239)
Factored level 0 of 3 (0.16188549995422363)
Factored level 1 of 3 (2.449026346206665)
Factored level 2 of 3 (7.848489046096802)
Factored level 3 of 3 (40.97965669631958)
Factored level 0 of 3 (0.15898990631103516)
Factored level 1 of 3 (2.869065284729004)
Factored level 2 of 3 (8.165721893310547)
Factored level 3 of 3 (41.27732729911804)
Factored level 0 of 3 (0.13972234725952148)
Factored level 1 of 3 (2.9294991493225098)
Factored level 2 of 3 (8.722752571105957)
Factored level 3 of 3 (43.18457746505737)
Factored level 0 of 3 (0.15416312217712402)
Factored level 1 of 3 (2.665618419647217)
Factored level 2 of 3 (8.82130479812622)
Factored level 3 of 3 (44.27411437034607)
Factored level 0 of 3 (0.15301847457885742)
Factored level 1 of 3 (3.053016424179077)
Factored level 2 of 3 (8.562993049621582)
Factored level 3 of 3 (44.59483981132507)
Factored level 0 of 3 (0.1768031120300293)
Factored level 1 of 3 (2.6000258922576904)
Factored level 2 of 3 (8.911179065704346)
Factored level 3 of 3 (45.23959970474243)
Factored level 0 of 3 (0.13907217979431152)
Factored level 1 of 3 (2.5885770320892334)
Factored level 2 of 3 (8.329657793045044)
Factored level 3 of 3 (43.966774463653564)
Factored level 0 of 3 (0.16410613059997559)
Factored level 1 of 3 (2.713941812515259)
Factored level 2 of 3 (8.836599349975586)
Factored level 3 of 3 (43.1593279838562)
Factored level 0 of 3 (0.16064691543579102)
Factored level 1 of 3 (3.869218111038208)
Factored level 2 of 3 (6.810980796813965)
Factored level 3 of 3 (40.612019777297974)
Factored level 0 of 3 (0.13964533805847168)
Factored level 1 of 3 (2.413731813430786)
Factored level 2 of 3 (8.861241579055786)
Factored level 3 of 3 (42.336801528930664)
Factored level 0 of 3 (0.13982939720153809)
Factored level 1 of 3 (2.680765151977539)
Factored level 2 of 3 (8.35391092300415)
Factored level 3 of 3 (43.56792426109314)
Factored level 0 of 3 (0.1485443115234375)
Factored level 1 of 3 (2.9286155700683594)
Factored level 2 of 3 (8.155030965805054)
Factored level 3 of 3 (44.538188457489014)
Factored level 0 of 3 (0.2258014678955078)
Factored level 1 of 3 (2.6776137351989746)
Factored level 2 of 3 (8.939084529876709)
Factored level 3 of 3 (45.40812945365906)
Factored level 0 of 3 (0.14340829849243164)
Factored level 1 of 3 (2.8924527168273926)
Factored level 2 of 3 (8.749611854553223)
Factored level 3 of 3 (45.335293769836426)
Factored level 0 of 3 (0.16010499000549316)
Factored level 1 of 3 (2.9095990657806396)
Factored level 2 of 3 (8.288521528244019)
Factored level 3 of 3 (44.67165017127991)
Factored level 0 of 3 (0.14092493057250977)
Factored level 1 of 3 (2.804508686065674)
Factored level 2 of 3 (7.567145347595215)
Factored level 3 of 3 (43.475446462631226)
Factored level 0 of 3 (0.15460991859436035)
Factored level 1 of 3 (2.1955478191375732)
Factored level 2 of 3 (8.547247409820557)
Factored level 3 of 3 (42.35279560089111)
Factored level 0 of 3 (0.1577620506286621)
Factored level 1 of 3 (2.8885951042175293)
Factored level 2 of 3 (8.523664951324463)
Factored level 3 of 3 (42.406288623809814)
Factored level 0 of 3 (0.1569979190826416)
Factored level 1 of 3 (2.0391297340393066)
Factored level 2 of 3 (8.912120342254639)
Factored level 3 of 3 (44.473902463912964)
Factored level 0 of 3 (0.16684317588806152)
Factored level 1 of 3 (3.1531145572662354)
Factored level 2 of 3 (8.522090673446655)
Factored level 3 of 3 (44.60752630233765)
Factored level 0 of 3 (0.15416860580444336)
Factored level 1 of 3 (3.3942768573760986)
Factored level 2 of 3 (8.370967864990234)
Factored level 3 of 3 (45.02066111564636)
Factored level 0 of 3 (0.16100621223449707)
Factored level 1 of 3 (2.820582866668701)
Factored level 2 of 3 (8.397664070129395)
Factored level 3 of 3 (45.3921914100647)
Factored level 0 of 3 (0.15187406539916992)
Factored level 1 of 3 (3.0555195808410645)
Factored level 2 of 3 (8.625239372253418)
Factored level 3 of 3 (44.6038863658905)
Factored level 0 of 3 (0.13962841033935547)
Factored level 1 of 3 (2.49619460105896)
Factored level 2 of 3 (8.468801975250244)
Factored level 3 of 3 (44.02518033981323)
Factored level 0 of 3 (0.15674066543579102)
Factored level 1 of 3 (3.1232683658599854)
Factored level 2 of 3 (8.191927194595337)
Factored level 3 of 3 (42.208056926727295)
Factored level 0 of 3 (0.2551450729370117)
Factored level 1 of 3 (3.374833583831787)
Factored level 2 of 3 (7.764638185501099)
Factored level 3 of 3 (41.290322065353394)
Factored level 0 of 3 (0.13742423057556152)
Factored level 1 of 3 (3.3605425357818604)
Factored level 2 of 3 (7.8786938190460205)
Factored level 3 of 3 (42.72889018058777)
Factored level 0 of 3 (0.15317583084106445)
Factored level 1 of 3 (2.598237991333008)
Factored level 2 of 3 (9.228009939193726)
Factored level 3 of 3 (44.84358620643616)
Factored level 0 of 3 (0.18732786178588867)
Factored level 1 of 3 (3.3901309967041016)
Factored level 2 of 3 (8.218594789505005)
Factored level 3 of 3 (44.325560331344604)
Factored level 0 of 3 (0.16249322891235352)
Factored level 1 of 3 (2.42169451713562)
Factored level 2 of 3 (8.81310486793518)
Factored level 3 of 3 (45.20850729942322)
Factored level 0 of 3 (0.14293241500854492)
Factored level 1 of 3 (3.010624408721924)
Factored level 2 of 3 (8.039165258407593)
Factored level 3 of 3 (43.8543267250061)
Factored level 0 of 3 (0.15791106224060059)
Factored level 1 of 3 (3.4264285564422607)
Factored level 2 of 3 (7.6607770919799805)
Factored level 3 of 3 (43.011798620224)
Factored level 0 of 3 (0.1558668613433838)
Factored level 1 of 3 (2.4484145641326904)
Factored level 2 of 3 (8.245408535003662)
Factored level 3 of 3 (42.217101097106934)
Factored level 0 of 3 (0.15013957023620605)
Factored level 1 of 3 (2.671812057495117)
Factored level 2 of 3 (7.950412273406982)
Factored level 3 of 3 (40.92476773262024)
Factored level 0 of 3 (0.1515655517578125)
Factored level 1 of 3 (3.0027098655700684)
Factored level 2 of 3 (8.155855417251587)
Factored level 3 of 3 (42.2822539806366)
Factored level 0 of 3 (0.15688490867614746)
Factored level 1 of 3 (2.945194959640503)
Factored level 2 of 3 (8.544127941131592)
Factored level 3 of 3 (43.4557158946991)
Factored level 0 of 3 (0.16374754905700684)
Factored level 1 of 3 (2.936739206314087)
Factored level 2 of 3 (8.159156560897827)
Factored level 3 of 3 (43.69313621520996)
Factored level 0 of 3 (0.16244769096374512)
Factored level 1 of 3 (2.8341753482818604)
Factored level 2 of 3 (8.556582927703857)
Factored level 3 of 3 (43.6374306678772)
Factored level 0 of 3 (0.15903353691101074)
Factored level 1 of 3 (3.115874767303467)
Factored level 2 of 3 (7.879393577575684)
Factored level 3 of 3 (43.36028003692627)
Factored level 0 of 3 (0.14342188835144043)
Factored level 1 of 3 (2.520282506942749)
Factored level 2 of 3 (8.18524718284607)
Factored level 3 of 3 (42.46164560317993)
Factored level 0 of 3 (0.14937710762023926)
Factored level 1 of 3 (2.880938768386841)
Factored level 2 of 3 (8.044813632965088)
Factored level 3 of 3 (40.93002414703369)
Factored level 0 of 3 (0.15138649940490723)
Factored level 1 of 3 (3.084416151046753)
Factored level 2 of 3 (7.756338119506836)
Factored level 3 of 3 (39.964998722076416)
Factored level 0 of 3 (0.1410236358642578)
Factored level 1 of 3 (2.830612897872925)
Factored level 2 of 3 (8.211358308792114)
Factored level 3 of 3 (40.85228228569031)
Factored level 0 of 3 (0.30363011360168457)
Factored level 1 of 3 (2.37841796875)
Factored level 2 of 3 (8.483500480651855)
Factored level 3 of 3 (42.07250905036926)
Factored level 0 of 3 (0.14253950119018555)
Factored level 1 of 3 (3.087742567062378)
Factored level 2 of 3 (8.561178207397461)
Factored level 3 of 3 (41.92089653015137)
Factored level 0 of 3 (0.1565852165222168)
Factored level 1 of 3 (2.469363212585449)
Factored level 2 of 3 (8.95099425315857)
Factored level 3 of 3 (42.94969034194946)
Factored level 0 of 3 (0.1707010269165039)
Factored level 1 of 3 (2.543814182281494)
Factored level 2 of 3 (8.67796778678894)
Factored level 3 of 3 (42.18527364730835)
Factored level 0 of 3 (0.14960479736328125)
Factored level 1 of 3 (2.889138698577881)
Factored level 2 of 3 (8.025782823562622)
Factored level 3 of 3 (41.45172572135925)
Factored level 0 of 3 (0.1615128517150879)
Factored level 1 of 3 (2.867953300476074)
Factored level 2 of 3 (8.097468614578247)
Factored level 3 of 3 (40.11155462265015)
Time to factor: 2931.4743313789368
Total memory: 425963637194
Max rows at leaf level: 64
