N: 128
Factored level 0 of 2 (0.08696269989013672)
Factored level 1 of 2 (1.6548447608947754)
Factored level 2 of 2 (2.596956968307495)
Factored level 0 of 2 (0.04921841621398926)
Factored level 1 of 2 (0.6191587448120117)
Factored level 2 of 2 (2.525750160217285)
Factored level 0 of 2 (0.07203054428100586)
Factored level 1 of 2 (0.4522993564605713)
Factored level 2 of 2 (2.6816580295562744)
Factored level 0 of 2 (0.05791759490966797)
Factored level 1 of 2 (0.5327777862548828)
Factored level 2 of 2 (2.5100371837615967)
Factored level 0 of 2 (0.06430625915527344)
Factored level 1 of 2 (0.5860066413879395)
Factored level 2 of 2 (2.7073192596435547)
Factored level 0 of 2 (0.05635643005371094)
Factored level 1 of 2 (0.5805282592773438)
Factored level 2 of 2 (2.668175458908081)
Factored level 0 of 2 (0.058257341384887695)
Factored level 1 of 2 (0.5089218616485596)
Factored level 2 of 2 (2.7680556774139404)
Factored level 0 of 2 (0.06931376457214355)
Factored level 1 of 2 (0.4666731357574463)
Factored level 2 of 2 (2.6563174724578857)
Factored level 0 of 2 (0.05871987342834473)
Factored level 1 of 2 (0.655219316482544)
Factored level 2 of 2 (2.617762804031372)
Factored level 0 of 2 (0.055182456970214844)
Factored level 1 of 2 (1.3184986114501953)
Factored level 2 of 2 (2.745478868484497)
Factored level 0 of 2 (0.06507492065429688)
Factored level 1 of 2 (1.849944829940796)
Factored level 2 of 2 (2.703395128250122)
Factored level 0 of 2 (0.07027435302734375)
Factored level 1 of 2 (0.5615413188934326)
Factored level 2 of 2 (2.640578508377075)
Factored level 0 of 2 (0.05468392372131348)
Factored level 1 of 2 (0.5499334335327148)
Factored level 2 of 2 (2.6348302364349365)
Factored level 0 of 2 (0.05724668502807617)
Factored level 1 of 2 (0.6835730075836182)
Factored level 2 of 2 (2.6591508388519287)
Factored level 0 of 2 (0.08041810989379883)
Factored level 1 of 2 (1.0116636753082275)
Factored level 2 of 2 (2.557574987411499)
Factored level 0 of 2 (0.05794572830200195)
Factored level 1 of 2 (0.39611387252807617)
Factored level 2 of 2 (2.5693910121917725)
Time to factor: 43.49925398826599
Total memory: 6299989167
Max rows at leaf level: 32
