N: 32768
Traceback (most recent call last):
  File "/global/u2/k/kielstra/Chrysalis/TreeBasedTensor/main.py", line 54, in <module>
    factor_forest = build_factor_forest(pool, profile)
                    ^^^^^^^^^^^^^^^^^^^^^^^^^^^^^^^^^^
  File "/global/u2/k/kielstra/Chrysalis/TreeBasedTensor/factor.py", line 167, in build_factor_forest
    off_cols_lists = np.array_split(range(profile.N), profile.off_split_number)
                     ^^^^^^^^^^^^^^^^^^^^^^^^^^^^^^^^^^^^^^^^^^^^^^^^^^^^^^^^^^
  File "/global/homes/k/kielstra/.conda/envs/venv/lib/python3.11/site-packages/numpy/lib/shape_base.py", line 778, in array_split
    sary = _nx.swapaxes(ary, axis, 0)
           ^^^^^^^^^^^^^^^^^^^^^^^^^^
  File "/global/homes/k/kielstra/.conda/envs/venv/lib/python3.11/site-packages/numpy/core/fromnumeric.py", line 581, in swapaxes
    return _wrapfunc(a, 'swapaxes', axis1, axis2)
           ^^^^^^^^^^^^^^^^^^^^^^^^^^^^^^^^^^^^^^
  File "/global/homes/k/kielstra/.conda/envs/venv/lib/python3.11/site-packages/numpy/core/fromnumeric.py", line 56, in _wrapfunc
    return _wrapit(obj, method, *args, **kwds)
           ^^^^^^^^^^^^^^^^^^^^^^^^^^^^^^^^^^^
  File "/global/homes/k/kielstra/.conda/envs/venv/lib/python3.11/site-packages/numpy/core/fromnumeric.py", line 45, in _wrapit
    result = getattr(asarray(obj), method)(*args, **kwds)
                     ^^^^^^^^^^^^
MemoryError
srun: error: nid005993: task 0: Exited with exit code 1
srun: Terminating StepId=11505869.0
