N: 512
Factored level 0 of 3 (0.12704110145568848)
Factored level 1 of 3 (1.031834363937378)
Factored level 2 of 3 (2.3906521797180176)
Factored level 3 of 3 (14.045100212097168)
Factored level 0 of 3 (0.13218021392822266)
Factored level 1 of 3 (1.0881168842315674)
Factored level 2 of 3 (3.09602689743042)
Factored level 3 of 3 (15.36492133140564)
Factored level 0 of 3 (0.1263728141784668)
Factored level 1 of 3 (1.0337584018707275)
Factored level 2 of 3 (3.292882204055786)
Factored level 3 of 3 (15.355656147003174)
Factored level 0 of 3 (0.10246801376342773)
Factored level 1 of 3 (1.171532392501831)
Factored level 2 of 3 (3.226213216781616)
Factored level 3 of 3 (14.519407987594604)
Factored level 0 of 3 (0.08764886856079102)
Factored level 1 of 3 (1.0035269260406494)
Factored level 2 of 3 (3.3151752948760986)
Factored level 3 of 3 (14.352926254272461)
Factored level 0 of 3 (0.10207509994506836)
Factored level 1 of 3 (1.1986126899719238)
Factored level 2 of 3 (2.8789591789245605)
Factored level 3 of 3 (14.8463876247406)
Factored level 0 of 3 (0.10073661804199219)
Factored level 1 of 3 (1.0523827075958252)
Factored level 2 of 3 (3.2886147499084473)
Factored level 3 of 3 (14.546422243118286)
Factored level 0 of 3 (0.11970829963684082)
Factored level 1 of 3 (1.0858397483825684)
Factored level 2 of 3 (3.247063636779785)
Factored level 3 of 3 (15.036447048187256)
Factored level 0 of 3 (0.11028003692626953)
Factored level 1 of 3 (1.4361786842346191)
Factored level 2 of 3 (2.6538026332855225)
Factored level 3 of 3 (14.0800302028656)
Factored level 0 of 3 (0.11111307144165039)
Factored level 1 of 3 (1.4119043350219727)
Factored level 2 of 3 (2.9288158416748047)
Factored level 3 of 3 (14.416175603866577)
Factored level 0 of 3 (0.0932607650756836)
Factored level 1 of 3 (1.164687156677246)
Factored level 2 of 3 (3.2252614498138428)
Factored level 3 of 3 (15.047189474105835)
Factored level 0 of 3 (0.1211848258972168)
Factored level 1 of 3 (1.140153169631958)
Factored level 2 of 3 (3.173917293548584)
Factored level 3 of 3 (15.827203512191772)
Factored level 0 of 3 (0.10764312744140625)
Factored level 1 of 3 (1.1057536602020264)
Factored level 2 of 3 (3.590026617050171)
Factored level 3 of 3 (15.086310625076294)
Factored level 0 of 3 (0.1297602653503418)
Factored level 1 of 3 (1.309241533279419)
Factored level 2 of 3 (3.093017578125)
Factored level 3 of 3 (14.901532888412476)
Factored level 0 of 3 (0.11937808990478516)
Factored level 1 of 3 (1.3646321296691895)
Factored level 2 of 3 (3.4347646236419678)
Factored level 3 of 3 (15.093029022216797)
Factored level 0 of 3 (0.1061248779296875)
Factored level 1 of 3 (1.2190556526184082)
Factored level 2 of 3 (3.1346378326416016)
Factored level 3 of 3 (14.530838012695312)
Factored level 0 of 3 (0.1465320587158203)
Factored level 1 of 3 (1.1750977039337158)
Factored level 2 of 3 (3.335662841796875)
Factored level 3 of 3 (15.180255889892578)
Factored level 0 of 3 (0.1036224365234375)
Factored level 1 of 3 (1.3458619117736816)
Factored level 2 of 3 (3.006222724914551)
Factored level 3 of 3 (15.321096658706665)
Factored level 0 of 3 (0.09563207626342773)
Factored level 1 of 3 (1.1292026042938232)
Factored level 2 of 3 (3.234264373779297)
Factored level 3 of 3 (14.705222368240356)
Factored level 0 of 3 (0.12306427955627441)
Factored level 1 of 3 (0.8681702613830566)
Factored level 2 of 3 (3.5068442821502686)
Factored level 3 of 3 (15.61525845527649)
Factored level 0 of 3 (0.10538816452026367)
Factored level 1 of 3 (1.4115426540374756)
Factored level 2 of 3 (2.980813980102539)
Factored level 3 of 3 (14.816994190216064)
Factored level 0 of 3 (0.09928393363952637)
Factored level 1 of 3 (1.306185007095337)
Factored level 2 of 3 (2.8479819297790527)
Factored level 3 of 3 (14.453899383544922)
Factored level 0 of 3 (0.14984965324401855)
Factored level 1 of 3 (1.0583536624908447)
Factored level 2 of 3 (3.103926420211792)
Factored level 3 of 3 (14.576522827148438)
Factored level 0 of 3 (0.10632109642028809)
Factored level 1 of 3 (1.2090015411376953)
Factored level 2 of 3 (3.3733413219451904)
Factored level 3 of 3 (14.876876831054688)
Factored level 0 of 3 (0.10503888130187988)
Factored level 1 of 3 (1.3625593185424805)
Factored level 2 of 3 (3.6193885803222656)
Factored level 3 of 3 (14.748328924179077)
Factored level 0 of 3 (0.08833146095275879)
Factored level 1 of 3 (1.203930139541626)
Factored level 2 of 3 (3.2274603843688965)
Factored level 3 of 3 (14.502233266830444)
Factored level 0 of 3 (0.09445047378540039)
Factored level 1 of 3 (0.9318559169769287)
Factored level 2 of 3 (3.2655959129333496)
Factored level 3 of 3 (14.92251181602478)
Factored level 0 of 3 (0.12287616729736328)
Factored level 1 of 3 (1.1375439167022705)
Factored level 2 of 3 (3.256263494491577)
Factored level 3 of 3 (14.635673522949219)
Factored level 0 of 3 (0.10387396812438965)
Factored level 1 of 3 (1.331629753112793)
Factored level 2 of 3 (3.053975820541382)
Factored level 3 of 3 (14.444866418838501)
Factored level 0 of 3 (0.09526562690734863)
Factored level 1 of 3 (1.2457420825958252)
Factored level 2 of 3 (3.430637836456299)
Factored level 3 of 3 (15.61012315750122)
Factored level 0 of 3 (0.10581541061401367)
Factored level 1 of 3 (1.267016887664795)
Factored level 2 of 3 (3.379257917404175)
Factored level 3 of 3 (15.446925163269043)
Factored level 0 of 3 (0.11563467979431152)
Factored level 1 of 3 (1.2173476219177246)
Factored level 2 of 3 (3.6514053344726562)
Factored level 3 of 3 (15.517988681793213)
Factored level 0 of 3 (0.11516284942626953)
Factored level 1 of 3 (0.933722734451294)
Factored level 2 of 3 (3.516655445098877)
Factored level 3 of 3 (15.057561874389648)
Factored level 0 of 3 (0.09462618827819824)
Factored level 1 of 3 (1.1656768321990967)
Factored level 2 of 3 (3.6907432079315186)
Factored level 3 of 3 (15.533976316452026)
Factored level 0 of 3 (0.09897541999816895)
Factored level 1 of 3 (1.2137720584869385)
Factored level 2 of 3 (3.510950803756714)
Factored level 3 of 3 (15.821772575378418)
Factored level 0 of 3 (0.17424511909484863)
Factored level 1 of 3 (1.1419951915740967)
Factored level 2 of 3 (3.3334696292877197)
Factored level 3 of 3 (15.59214997291565)
Factored level 0 of 3 (0.11371850967407227)
Factored level 1 of 3 (1.2065215110778809)
Factored level 2 of 3 (3.3434574604034424)
Factored level 3 of 3 (15.330008506774902)
Factored level 0 of 3 (0.1020040512084961)
Factored level 1 of 3 (1.0477395057678223)
Factored level 2 of 3 (3.3128209114074707)
Factored level 3 of 3 (15.055771827697754)
Factored level 0 of 3 (0.08282017707824707)
Factored level 1 of 3 (0.9671206474304199)
Factored level 2 of 3 (3.3560214042663574)
Factored level 3 of 3 (15.31337285041809)
Factored level 0 of 3 (0.09114456176757812)
Factored level 1 of 3 (1.2206647396087646)
Factored level 2 of 3 (3.093430995941162)
Factored level 3 of 3 (14.77341103553772)
Factored level 0 of 3 (0.10850954055786133)
Factored level 1 of 3 (1.0121512413024902)
Factored level 2 of 3 (3.2463276386260986)
Factored level 3 of 3 (14.650804281234741)
Factored level 0 of 3 (0.12185239791870117)
Factored level 1 of 3 (0.9846193790435791)
Factored level 2 of 3 (3.275733709335327)
Factored level 3 of 3 (14.818300247192383)
Factored level 0 of 3 (0.10624504089355469)
Factored level 1 of 3 (1.5493595600128174)
Factored level 2 of 3 (3.509077310562134)
Factored level 3 of 3 (14.596813201904297)
Factored level 0 of 3 (0.10189628601074219)
Factored level 1 of 3 (1.121077060699463)
Factored level 2 of 3 (3.415776014328003)
Factored level 3 of 3 (14.558767080307007)
Factored level 0 of 3 (0.10454034805297852)
Factored level 1 of 3 (1.0939679145812988)
Factored level 2 of 3 (3.440267324447632)
Factored level 3 of 3 (14.801251411437988)
Factored level 0 of 3 (0.09207916259765625)
Factored level 1 of 3 (1.2915055751800537)
Factored level 2 of 3 (3.279376268386841)
Factored level 3 of 3 (15.160663843154907)
Factored level 0 of 3 (0.09410595893859863)
Factored level 1 of 3 (1.0706098079681396)
Factored level 2 of 3 (3.86637282371521)
Factored level 3 of 3 (16.015857458114624)
Factored level 0 of 3 (0.09626913070678711)
Factored level 1 of 3 (1.0824501514434814)
Factored level 2 of 3 (3.4496166706085205)
Factored level 3 of 3 (15.631115198135376)
Factored level 0 of 3 (0.11537909507751465)
Factored level 1 of 3 (0.9224119186401367)
Factored level 2 of 3 (3.477557420730591)
Factored level 3 of 3 (15.475424766540527)
Factored level 0 of 3 (0.10893464088439941)
Factored level 1 of 3 (1.3186893463134766)
Factored level 2 of 3 (3.921649217605591)
Factored level 3 of 3 (15.817025184631348)
Factored level 0 of 3 (0.11109662055969238)
Factored level 1 of 3 (1.3504722118377686)
Factored level 2 of 3 (3.39034104347229)
Factored level 3 of 3 (15.580570459365845)
Factored level 0 of 3 (0.11416268348693848)
Factored level 1 of 3 (1.4127388000488281)
Factored level 2 of 3 (3.2593295574188232)
Factored level 3 of 3 (14.981871604919434)
Factored level 0 of 3 (0.08331036567687988)
Factored level 1 of 3 (0.949925422668457)
Factored level 2 of 3 (3.5622239112854004)
Factored level 3 of 3 (15.878278732299805)
Factored level 0 of 3 (0.09678268432617188)
Factored level 1 of 3 (1.0653414726257324)
Factored level 2 of 3 (3.533308982849121)
Factored level 3 of 3 (15.5889413356781)
Factored level 0 of 3 (0.09357261657714844)
Factored level 1 of 3 (1.3039822578430176)
Factored level 2 of 3 (3.1052334308624268)
Factored level 3 of 3 (14.872451066970825)
Factored level 0 of 3 (0.29956793785095215)
Factored level 1 of 3 (1.1790506839752197)
Factored level 2 of 3 (3.324052095413208)
Factored level 3 of 3 (15.094269514083862)
Factored level 0 of 3 (0.08392906188964844)
Factored level 1 of 3 (1.0742156505584717)
Factored level 2 of 3 (3.2560346126556396)
Factored level 3 of 3 (15.030853986740112)
Factored level 0 of 3 (0.10426568984985352)
Factored level 1 of 3 (1.3890962600708008)
Factored level 2 of 3 (3.0321006774902344)
Factored level 3 of 3 (14.383178949356079)
Factored level 0 of 3 (0.11480426788330078)
Factored level 1 of 3 (1.15964937210083)
Factored level 2 of 3 (3.3498148918151855)
Factored level 3 of 3 (15.309772491455078)
Factored level 0 of 3 (0.0910789966583252)
Factored level 1 of 3 (0.9995408058166504)
Factored level 2 of 3 (3.3455865383148193)
Factored level 3 of 3 (15.060185194015503)
Factored level 0 of 3 (0.09102320671081543)
Factored level 1 of 3 (1.3737685680389404)
Factored level 2 of 3 (3.4583210945129395)
Factored level 3 of 3 (15.230311870574951)
Factored level 0 of 3 (0.10230588912963867)
Factored level 1 of 3 (1.640151023864746)
Factored level 2 of 3 (3.1473655700683594)
Factored level 3 of 3 (14.410266876220703)
Factored level 0 of 3 (0.11076807975769043)
Factored level 1 of 3 (1.2762649059295654)
Factored level 2 of 3 (3.510678291320801)
Factored level 3 of 3 (15.673020839691162)
Factored level 0 of 3 (0.0987699031829834)
Factored level 1 of 3 (1.6607296466827393)
Factored level 2 of 3 (2.748185634613037)
Factored level 3 of 3 (14.630052089691162)
Time to factor: 1045.9753196239471
Total memory: 165787955425
Max rows at leaf level: 14
