N: 128
Factored level 0 of 2 (0.04519510269165039)
Factored level 1 of 2 (0.27614903450012207)
Factored level 2 of 2 (0.8170113563537598)
Factored level 0 of 2 (0.0261838436126709)
Factored level 1 of 2 (0.33867955207824707)
Factored level 2 of 2 (0.675997257232666)
Factored level 0 of 2 (0.02226400375366211)
Factored level 1 of 2 (0.17200446128845215)
Factored level 2 of 2 (0.7016749382019043)
Factored level 0 of 2 (0.030128955841064453)
Factored level 1 of 2 (0.14487314224243164)
Factored level 2 of 2 (0.7774839401245117)
Factored level 0 of 2 (0.02560138702392578)
Factored level 1 of 2 (0.1608572006225586)
Factored level 2 of 2 (0.8216128349304199)
Factored level 0 of 2 (0.02403855323791504)
Factored level 1 of 2 (0.1450953483581543)
Factored level 2 of 2 (0.8246407508850098)
Factored level 0 of 2 (0.02557373046875)
Factored level 1 of 2 (0.15984129905700684)
Factored level 2 of 2 (0.7938199043273926)
Factored level 0 of 2 (0.03181934356689453)
Factored level 1 of 2 (0.3285257816314697)
Factored level 2 of 2 (0.8259706497192383)
Factored level 0 of 2 (0.027901411056518555)
Factored level 1 of 2 (0.5815134048461914)
Factored level 2 of 2 (0.854027509689331)
Factored level 0 of 2 (0.029294729232788086)
Factored level 1 of 2 (0.6295614242553711)
Factored level 2 of 2 (0.7791376113891602)
Factored level 0 of 2 (0.027542829513549805)
Factored level 1 of 2 (0.32276129722595215)
Factored level 2 of 2 (0.7762904167175293)
Factored level 0 of 2 (0.04206061363220215)
Factored level 1 of 2 (0.3731825351715088)
Factored level 2 of 2 (0.829986572265625)
Factored level 0 of 2 (0.036888837814331055)
Factored level 1 of 2 (0.3109443187713623)
Factored level 2 of 2 (0.8401317596435547)
Factored level 0 of 2 (0.02440333366394043)
Factored level 1 of 2 (0.30267930030822754)
Factored level 2 of 2 (0.7852473258972168)
Factored level 0 of 2 (0.032299041748046875)
Factored level 1 of 2 (0.5536782741546631)
Factored level 2 of 2 (0.8247766494750977)
Factored level 0 of 2 (0.029754638671875)
Factored level 1 of 2 (0.3926076889038086)
Factored level 2 of 2 (0.8004529476165771)
Time to factor: 13.434071063995361
Total memory: 2672658110
Max rows at leaf level: 14
