N: 128
Factored level 0 of 2 (0.17704415321350098)
Factored level 1 of 2 (2.065897226333618)
Factored level 2 of 2 (7.1629133224487305)
Factored level 0 of 2 (0.07071042060852051)
Factored level 1 of 2 (2.159299850463867)
Factored level 2 of 2 (7.4556028842926025)
Factored level 0 of 2 (0.07324099540710449)
Factored level 1 of 2 (1.6915552616119385)
Factored level 2 of 2 (7.422037839889526)
Factored level 0 of 2 (0.08943605422973633)
Factored level 1 of 2 (2.096774101257324)
Factored level 2 of 2 (7.677661895751953)
Factored level 0 of 2 (0.07549023628234863)
Factored level 1 of 2 (2.195378303527832)
Factored level 2 of 2 (7.610435724258423)
Factored level 0 of 2 (0.08674001693725586)
Factored level 1 of 2 (2.1409480571746826)
Factored level 2 of 2 (7.584964036941528)
Factored level 0 of 2 (0.05598711967468262)
Factored level 1 of 2 (2.220473051071167)
Factored level 2 of 2 (7.6637654304504395)
Factored level 0 of 2 (0.07299184799194336)
Factored level 1 of 2 (2.2088723182678223)
Factored level 2 of 2 (7.317219018936157)
Factored level 0 of 2 (0.0793604850769043)
Factored level 1 of 2 (1.5022692680358887)
Factored level 2 of 2 (7.781445264816284)
Factored level 0 of 2 (0.07462239265441895)
Factored level 1 of 2 (1.4950180053710938)
Factored level 2 of 2 (7.6882922649383545)
Factored level 0 of 2 (0.07342529296875)
Factored level 1 of 2 (1.7640089988708496)
Factored level 2 of 2 (7.625124216079712)
Factored level 0 of 2 (0.07772445678710938)
Factored level 1 of 2 (2.210000991821289)
Factored level 2 of 2 (7.909630060195923)
Factored level 0 of 2 (0.07164216041564941)
Factored level 1 of 2 (1.9818906784057617)
Factored level 2 of 2 (7.755612850189209)
Factored level 0 of 2 (0.06764554977416992)
Factored level 1 of 2 (2.078937292098999)
Factored level 2 of 2 (7.744157552719116)
Factored level 0 of 2 (0.07622814178466797)
Factored level 1 of 2 (2.1670522689819336)
Factored level 2 of 2 (7.92674994468689)
Factored level 0 of 2 (0.0785977840423584)
Factored level 1 of 2 (2.5609073638916016)
Factored level 2 of 2 (7.5351526737213135)
Factored level 0 of 2 (0.0762789249420166)
Factored level 1 of 2 (1.6021804809570312)
Factored level 2 of 2 (7.667574167251587)
Factored level 0 of 2 (0.07278776168823242)
Factored level 1 of 2 (1.4944579601287842)
Factored level 2 of 2 (7.552695274353027)
Factored level 0 of 2 (0.08110499382019043)
Factored level 1 of 2 (2.0862438678741455)
Factored level 2 of 2 (7.433192014694214)
Factored level 0 of 2 (0.06996560096740723)
Factored level 1 of 2 (1.8608589172363281)
Factored level 2 of 2 (7.44799542427063)
Factored level 0 of 2 (0.06359720230102539)
Factored level 1 of 2 (1.7673559188842773)
Factored level 2 of 2 (7.2312188148498535)
Factored level 0 of 2 (0.07774686813354492)
Factored level 1 of 2 (1.7186708450317383)
Factored level 2 of 2 (7.299777507781982)
Factored level 0 of 2 (0.07834386825561523)
Factored level 1 of 2 (1.9440693855285645)
Factored level 2 of 2 (7.471204042434692)
Factored level 0 of 2 (0.07396745681762695)
Factored level 1 of 2 (1.9796335697174072)
Factored level 2 of 2 (7.443116664886475)
Factored level 0 of 2 (0.07504749298095703)
Factored level 1 of 2 (1.6579725742340088)
Factored level 2 of 2 (7.297943353652954)
Factored level 0 of 2 (0.07875418663024902)
Factored level 1 of 2 (1.3582165241241455)
Factored level 2 of 2 (7.574047565460205)
Factored level 0 of 2 (0.07471823692321777)
Factored level 1 of 2 (1.852281093597412)
Factored level 2 of 2 (7.679502010345459)
Factored level 0 of 2 (0.07961773872375488)
Factored level 1 of 2 (2.4432337284088135)
Factored level 2 of 2 (7.593291521072388)
Factored level 0 of 2 (0.07228779792785645)
Factored level 1 of 2 (2.001296281814575)
Factored level 2 of 2 (7.599209785461426)
Factored level 0 of 2 (0.06302452087402344)
Factored level 1 of 2 (1.8988332748413086)
Factored level 2 of 2 (7.338397979736328)
Factored level 0 of 2 (0.06538772583007812)
Factored level 1 of 2 (1.8363149166107178)
Factored level 2 of 2 (7.27704930305481)
Factored level 0 of 2 (0.07065010070800781)
Factored level 1 of 2 (1.4867334365844727)
Factored level 2 of 2 (7.4667205810546875)
Factored level 0 of 2 (0.08382010459899902)
Factored level 1 of 2 (2.546964406967163)
Factored level 2 of 2 (7.183116912841797)
Factored level 0 of 2 (0.08068490028381348)
Factored level 1 of 2 (1.9078097343444824)
Factored level 2 of 2 (7.768352746963501)
Factored level 0 of 2 (0.05903911590576172)
Factored level 1 of 2 (1.9814400672912598)
Factored level 2 of 2 (7.56540584564209)
Factored level 0 of 2 (0.07380056381225586)
Factored level 1 of 2 (1.9493694305419922)
Factored level 2 of 2 (7.5658323764801025)
Factored level 0 of 2 (0.07771635055541992)
Factored level 1 of 2 (2.090275287628174)
Factored level 2 of 2 (7.8880040645599365)
Factored level 0 of 2 (0.08387255668640137)
Factored level 1 of 2 (1.7808501720428467)
Factored level 2 of 2 (7.732681751251221)
Factored level 0 of 2 (0.07408642768859863)
Factored level 1 of 2 (0.8379604816436768)
Factored level 2 of 2 (7.4265923500061035)
Factored level 0 of 2 (0.08612370491027832)
Factored level 1 of 2 (2.412907361984253)
Factored level 2 of 2 (7.724125862121582)
Factored level 0 of 2 (0.06610560417175293)
Factored level 1 of 2 (2.6049389839172363)
Factored level 2 of 2 (7.868517875671387)
Factored level 0 of 2 (0.08431220054626465)
Factored level 1 of 2 (2.796085834503174)
Factored level 2 of 2 (7.714888572692871)
Factored level 0 of 2 (0.10603857040405273)
Factored level 1 of 2 (2.0926313400268555)
Factored level 2 of 2 (7.503403425216675)
Factored level 0 of 2 (0.07830667495727539)
Factored level 1 of 2 (1.7066371440887451)
Factored level 2 of 2 (7.627620458602905)
Factored level 0 of 2 (0.0938422679901123)
Factored level 1 of 2 (2.276728868484497)
Factored level 2 of 2 (7.715471029281616)
Factored level 0 of 2 (0.10252499580383301)
Factored level 1 of 2 (2.1618294715881348)
Factored level 2 of 2 (7.8423850536346436)
Factored level 0 of 2 (0.07750082015991211)
Factored level 1 of 2 (1.2900643348693848)
Factored level 2 of 2 (7.526176691055298)
Factored level 0 of 2 (0.11525726318359375)
Factored level 1 of 2 (2.0514132976531982)
Factored level 2 of 2 (7.829779863357544)
Factored level 0 of 2 (0.08510780334472656)
Factored level 1 of 2 (1.9378983974456787)
Factored level 2 of 2 (7.401678562164307)
Factored level 0 of 2 (0.07653117179870605)
Factored level 1 of 2 (1.755333423614502)
Factored level 2 of 2 (7.692544937133789)
Factored level 0 of 2 (0.07827377319335938)
Factored level 1 of 2 (2.1451985836029053)
Factored level 2 of 2 (7.62220311164856)
Factored level 0 of 2 (0.0758213996887207)
Factored level 1 of 2 (2.2418079376220703)
Factored level 2 of 2 (7.645752429962158)
Factored level 0 of 2 (0.11926651000976562)
Factored level 1 of 2 (2.138914108276367)
Factored level 2 of 2 (7.743040323257446)
Factored level 0 of 2 (0.07430410385131836)
Factored level 1 of 2 (2.1624650955200195)
Factored level 2 of 2 (7.4861228466033936)
Factored level 0 of 2 (0.09425115585327148)
Factored level 1 of 2 (2.3484292030334473)
Factored level 2 of 2 (7.633654356002808)
Factored level 0 of 2 (0.0758204460144043)
Factored level 1 of 2 (2.4582948684692383)
Factored level 2 of 2 (7.511160850524902)
Factored level 0 of 2 (0.07755374908447266)
Factored level 1 of 2 (1.9872281551361084)
Factored level 2 of 2 (7.361501693725586)
Factored level 0 of 2 (0.08156824111938477)
Factored level 1 of 2 (2.0205516815185547)
Factored level 2 of 2 (7.672715187072754)
Factored level 0 of 2 (0.07555723190307617)
Factored level 1 of 2 (2.219940423965454)
Factored level 2 of 2 (7.425036907196045)
Factored level 0 of 2 (0.07476329803466797)
Factored level 1 of 2 (1.4867558479309082)
Factored level 2 of 2 (7.461425065994263)
Factored level 0 of 2 (0.10060286521911621)
Factored level 1 of 2 (2.1498703956604004)
Factored level 2 of 2 (7.383922576904297)
Factored level 0 of 2 (0.07474970817565918)
Factored level 1 of 2 (1.9527685642242432)
Factored level 2 of 2 (7.756260871887207)
Factored level 0 of 2 (0.08258605003356934)
Factored level 1 of 2 (2.4019081592559814)
Factored level 2 of 2 (7.3671393394470215)
Factored level 0 of 2 (0.07447361946105957)
Factored level 1 of 2 (1.8858613967895508)
Factored level 2 of 2 (7.5550055503845215)
Time to factor: 489.86534810066223
Total memory: 1946444659996
Max rows at leaf level: 13
