N: 32
Factored level 0 of 1 (0.04186081886291504)
Factored level 1 of 1 (0.3582172393798828)
Factored level 0 of 1 (0.03984785079956055)
Factored level 1 of 1 (0.37226057052612305)
Factored level 0 of 1 (0.05731081962585449)
Factored level 1 of 1 (0.40393757820129395)
Factored level 0 of 1 (0.03907132148742676)
Factored level 1 of 1 (0.3247029781341553)
Factored level 0 of 1 (0.035744428634643555)
Factored level 1 of 1 (0.3326423168182373)
Factored level 0 of 1 (0.028879642486572266)
Factored level 1 of 1 (0.28623008728027344)
Factored level 0 of 1 (0.04054880142211914)
Factored level 1 of 1 (0.3863828182220459)
Factored level 0 of 1 (0.03862333297729492)
Factored level 1 of 1 (0.3606109619140625)
Time to factor: 3.0529613494873047
Total memory: 8291185353
Max rows at leaf level: 13
