N: 128
Factored level 0 of 2 (1.055494785308838)
Factored level 1 of 2 (15.523077249526978)
Factored level 2 of 2 (166.26728630065918)
Factored level 0 of 2 (0.714806079864502)
Factored level 1 of 2 (15.273654460906982)
Factored level 2 of 2 (166.51480197906494)
Factored level 0 of 2 (0.6648960113525391)
Factored level 1 of 2 (15.02160096168518)
Factored level 2 of 2 (166.43631410598755)
Factored level 0 of 2 (0.7680037021636963)
Factored level 1 of 2 (13.881028175354004)
Factored level 2 of 2 (165.71594858169556)
Factored level 0 of 2 (0.6447267532348633)
Factored level 1 of 2 (15.826499223709106)
Factored level 2 of 2 (166.27846264839172)
Factored level 0 of 2 (0.7548763751983643)
Factored level 1 of 2 (15.886335372924805)
Factored level 2 of 2 (167.11541724205017)
Factored level 0 of 2 (1.1787724494934082)
Factored level 1 of 2 (15.171952247619629)
Factored level 2 of 2 (166.86263632774353)
Factored level 0 of 2 (0.6152679920196533)
Factored level 1 of 2 (16.043230772018433)
Factored level 2 of 2 (166.401531457901)
Factored level 0 of 2 (0.6108546257019043)
Factored level 1 of 2 (14.600634574890137)
Factored level 2 of 2 (166.56888508796692)
Factored level 0 of 2 (0.6072795391082764)
Factored level 1 of 2 (17.040271282196045)
Factored level 2 of 2 (167.23495244979858)
Factored level 0 of 2 (0.9410829544067383)
Factored level 1 of 2 (16.265373468399048)
Factored level 2 of 2 (167.6938829421997)
Factored level 0 of 2 (0.7167842388153076)
Factored level 1 of 2 (14.734850645065308)
Factored level 2 of 2 (166.17158889770508)
Factored level 0 of 2 (1.1223015785217285)
Factored level 1 of 2 (17.613831996917725)
Factored level 2 of 2 (166.42791891098022)
Factored level 0 of 2 (0.6779296398162842)
Factored level 1 of 2 (16.614797353744507)
Factored level 2 of 2 (166.43813514709473)
Factored level 0 of 2 (0.6593887805938721)
Factored level 1 of 2 (15.65057635307312)
Factored level 2 of 2 (166.22311091423035)
Factored level 0 of 2 (0.6285183429718018)
Factored level 1 of 2 (16.518192291259766)
Factored level 2 of 2 (165.73714208602905)
Factored level 0 of 2 (0.6026709079742432)
Factored level 1 of 2 (15.951690435409546)
Factored level 2 of 2 (166.01707458496094)
Factored level 0 of 2 (0.7522304058074951)
Factored level 1 of 2 (14.717345237731934)
Factored level 2 of 2 (167.57978343963623)
Factored level 0 of 2 (0.9765925407409668)
Factored level 1 of 2 (15.589681625366211)
Factored level 2 of 2 (166.67128348350525)
Factored level 0 of 2 (0.9093670845031738)
Factored level 1 of 2 (15.805452585220337)
Factored level 2 of 2 (166.20757365226746)
Factored level 0 of 2 (0.7158830165863037)
Factored level 1 of 2 (15.521130084991455)
Factored level 2 of 2 (168.12571668624878)
Factored level 0 of 2 (0.7332415580749512)
Factored level 1 of 2 (17.104984283447266)
Factored level 2 of 2 (166.98158955574036)
Factored level 0 of 2 (0.5664594173431396)
Factored level 1 of 2 (15.128360509872437)
Factored level 2 of 2 (167.96868300437927)
Factored level 0 of 2 (0.789095401763916)
Factored level 1 of 2 (14.857465505599976)
Factored level 2 of 2 (166.92592191696167)
Factored level 0 of 2 (1.1425130367279053)
Factored level 1 of 2 (13.699414730072021)
Factored level 2 of 2 (167.2509937286377)
Factored level 0 of 2 (0.7478053569793701)
Factored level 1 of 2 (16.064147233963013)
Factored level 2 of 2 (167.37925934791565)
Factored level 0 of 2 (0.6936721801757812)
Factored level 1 of 2 (16.589552640914917)
Factored level 2 of 2 (167.41792130470276)
Factored level 0 of 2 (0.6214601993560791)
Factored level 1 of 2 (15.650595903396606)
Factored level 2 of 2 (167.89126563072205)
Factored level 0 of 2 (0.626955509185791)
Factored level 1 of 2 (16.318557500839233)
Factored level 2 of 2 (166.26917695999146)
Factored level 0 of 2 (0.7061994075775146)
Factored level 1 of 2 (14.760542869567871)
Factored level 2 of 2 (167.86319279670715)
Factored level 0 of 2 (0.9305970668792725)
Factored level 1 of 2 (16.085251808166504)
Factored level 2 of 2 (166.26744318008423)
Factored level 0 of 2 (0.8276951313018799)
Factored level 1 of 2 (18.22463345527649)
Factored level 2 of 2 (166.60275053977966)
Factored level 0 of 2 (0.6166648864746094)
Factored level 1 of 2 (15.63840103149414)
Factored level 2 of 2 (166.57461214065552)
Factored level 0 of 2 (0.7236175537109375)
Factored level 1 of 2 (15.222631454467773)
Factored level 2 of 2 (166.986266374588)
Factored level 0 of 2 (0.6084461212158203)
Factored level 1 of 2 (14.249377489089966)
Factored level 2 of 2 (167.21723985671997)
Factored level 0 of 2 (0.5695064067840576)
Factored level 1 of 2 (14.989577531814575)
Factored level 2 of 2 (167.05477118492126)
Factored level 0 of 2 (0.5956568717956543)
Factored level 1 of 2 (16.27852725982666)
Factored level 2 of 2 (167.37630939483643)
Factored level 0 of 2 (0.565462589263916)
Factored level 1 of 2 (14.971753597259521)
Factored level 2 of 2 (168.8279893398285)
Factored level 0 of 2 (0.9018230438232422)
Factored level 1 of 2 (16.659656047821045)
Factored level 2 of 2 (166.83007144927979)
Factored level 0 of 2 (0.9408845901489258)
Factored level 1 of 2 (14.435306787490845)
Factored level 2 of 2 (167.5578944683075)
Factored level 0 of 2 (0.7466659545898438)
Factored level 1 of 2 (14.602397441864014)
Factored level 2 of 2 (167.26526427268982)
Factored level 0 of 2 (0.7876219749450684)
Factored level 1 of 2 (14.258893728256226)
Factored level 2 of 2 (168.0506193637848)
Factored level 0 of 2 (0.8036608695983887)
Factored level 1 of 2 (16.057950735092163)
Factored level 2 of 2 (168.47249579429626)
Factored level 0 of 2 (1.4359610080718994)
Factored level 1 of 2 (18.78151249885559)
Factored level 2 of 2 (167.2880735397339)
Factored level 0 of 2 (0.759552001953125)
Factored level 1 of 2 (15.232201337814331)
Factored level 2 of 2 (167.69665360450745)
Factored level 0 of 2 (0.8826813697814941)
Factored level 1 of 2 (17.031917333602905)
Factored level 2 of 2 (167.1452178955078)
Factored level 0 of 2 (0.6762661933898926)
Factored level 1 of 2 (16.654778242111206)
Factored level 2 of 2 (168.1373736858368)
Factored level 0 of 2 (0.7491214275360107)
Factored level 1 of 2 (16.770610570907593)
Factored level 2 of 2 (166.5800175666809)
Factored level 0 of 2 (0.6444025039672852)
Factored level 1 of 2 (14.134902238845825)
Factored level 2 of 2 (165.97088360786438)
Factored level 0 of 2 (0.7239902019500732)
Factored level 1 of 2 (16.559344053268433)
Factored level 2 of 2 (166.79612231254578)
Factored level 0 of 2 (0.7964029312133789)
Factored level 1 of 2 (18.628365755081177)
Factored level 2 of 2 (165.80561423301697)
Factored level 0 of 2 (0.638451099395752)
Factored level 1 of 2 (15.67331337928772)
Factored level 2 of 2 (165.8427550792694)
Factored level 0 of 2 (0.7137284278869629)
Factored level 1 of 2 (15.962796688079834)
Factored level 2 of 2 (165.879944562912)
Factored level 0 of 2 (0.5662248134613037)
Factored level 1 of 2 (15.192296266555786)
Factored level 2 of 2 (167.55237364768982)
Factored level 0 of 2 (0.5626263618469238)
Factored level 1 of 2 (14.58262014389038)
Factored level 2 of 2 (167.37056303024292)
Factored level 0 of 2 (0.6904010772705078)
Factored level 1 of 2 (18.706472158432007)
Factored level 2 of 2 (167.00968718528748)
Factored level 0 of 2 (0.763373613357544)
Factored level 1 of 2 (17.023584604263306)
Factored level 2 of 2 (166.46167159080505)
Factored level 0 of 2 (0.5498554706573486)
Factored level 1 of 2 (15.497287273406982)
Factored level 2 of 2 (167.45378851890564)
Factored level 0 of 2 (0.6663703918457031)
Factored level 1 of 2 (16.241578817367554)
Factored level 2 of 2 (167.1150221824646)
Factored level 0 of 2 (0.7153499126434326)
Factored level 1 of 2 (15.185965538024902)
Factored level 2 of 2 (166.62649846076965)
Factored level 0 of 2 (0.617955207824707)
Factored level 1 of 2 (18.09228205680847)
Factored level 2 of 2 (165.5465226173401)
Factored level 0 of 2 (0.6198921203613281)
Factored level 1 of 2 (15.670216083526611)
Factored level 2 of 2 (166.9174907207489)
Factored level 0 of 2 (0.6143174171447754)
Factored level 1 of 2 (17.73087787628174)
Factored level 2 of 2 (166.2091076374054)
Factored level 0 of 2 (0.8883135318756104)
Factored level 1 of 2 (15.33140516281128)
Factored level 2 of 2 (165.58821153640747)
Time to factor: 10728.875955104828
Total memory: 2774479722247
Max rows at leaf level: 14
