N: 32
Factored level 0 of 1 (0.4752521514892578)
Factored level 1 of 1 (2.346837043762207)
Factored level 0 of 1 (0.42370080947875977)
Factored level 1 of 1 (3.700701951980591)
Factored level 0 of 1 (0.39296436309814453)
Factored level 1 of 1 (3.19004225730896)
Factored level 0 of 1 (0.43230295181274414)
Factored level 1 of 1 (2.8182358741760254)
Factored level 0 of 1 (0.3244142532348633)
Factored level 1 of 1 (2.265371799468994)
Factored level 0 of 1 (0.28978681564331055)
Factored level 1 of 1 (3.0248806476593018)
Factored level 0 of 1 (0.3478095531463623)
Factored level 1 of 1 (3.104356050491333)
Factored level 0 of 1 (0.3240823745727539)
Factored level 1 of 1 (2.999617576599121)
Time to factor: 23.67343044281006
Total memory: 10593870272
Max rows at leaf level: 13
